d:\user\skwong\teaching\oop\assignments\oop_hw_2024_02\oop_hw_01_package_202402\oop_hw01_net2019_202402_template\debug\openglapp_update.obj
d:\user\skwong\teaching\oop\assignments\oop_hw_2024_02\oop_hw_01_package_202402\oop_hw01_net2019_202402_template\debug\basic_tools.obj
d:\user\skwong\teaching\oop\assignments\oop_hw_2024_02\oop_hw_01_package_202402\oop_hw01_net2019_202402_template\debug\grid2d.obj
d:\user\skwong\teaching\oop\assignments\oop_hw_2024_02\oop_hw_01_package_202402\oop_hw01_net2019_202402_template\debug\provider.obj
d:\user\skwong\teaching\oop\assignments\oop_hw_2024_02\oop_hw_01_package_202402\oop_hw01_net2019_202402_template\debug\vector3d.obj
d:\user\skwong\teaching\oop\assignments\oop_hw_2024_02\oop_hw_01_package_202402\oop_hw01_net2019_202402_template\debug\filereader.obj
d:\user\skwong\teaching\oop\assignments\oop_hw_2024_02\oop_hw_01_package_202402\oop_hw01_net2019_202402_template\debug\imagereader.obj
d:\user\skwong\teaching\oop\assignments\oop_hw_2024_02\oop_hw_01_package_202402\oop_hw01_net2019_202402_template\debug\bg_grid2d.obj
d:\user\skwong\teaching\oop\assignments\oop_hw_2024_02\oop_hw_01_package_202402\oop_hw01_net2019_202402_template\debug\boardgame.obj
d:\user\skwong\teaching\oop\assignments\oop_hw_2024_02\oop_hw_01_package_202402\oop_hw01_net2019_202402_template\debug\painter.obj
d:\user\skwong\teaching\oop\assignments\oop_hw_2024_02\oop_hw_01_package_202402\oop_hw01_net2019_202402_template\debug\boardgameapp.obj
d:\user\skwong\teaching\oop\assignments\oop_hw_2024_02\oop_hw_01_package_202402\oop_hw01_net2019_202402_template\debug\freecanvas2d.obj
d:\user\skwong\teaching\oop\assignments\oop_hw_2024_02\oop_hw_01_package_202402\oop_hw01_net2019_202402_template\debug\lattice_manager.obj
d:\user\skwong\teaching\oop\assignments\oop_hw_2024_02\oop_hw_01_package_202402\oop_hw01_net2019_202402_template\debug\paintingsystem.obj
d:\user\skwong\teaching\oop\assignments\oop_hw_2024_02\oop_hw_01_package_202402\oop_hw01_net2019_202402_template\debug\paintingsystemapp.obj
d:\user\skwong\teaching\oop\assignments\oop_hw_2024_02\oop_hw_01_package_202402\oop_hw01_net2019_202402_template\debug\paintingsystemapp_draw.obj
d:\user\skwong\teaching\oop\assignments\oop_hw_2024_02\oop_hw_01_package_202402\oop_hw01_net2019_202402_template\debug\paintingsystemapp_handleevents.obj
d:\user\skwong\teaching\oop\assignments\oop_hw_2024_02\oop_hw_01_package_202402\oop_hw01_net2019_202402_template\debug\texture.obj
d:\user\skwong\teaching\oop\assignments\oop_hw_2024_02\oop_hw_01_package_202402\oop_hw01_net2019_202402_template\debug\texturemanager.obj
d:\user\skwong\teaching\oop\assignments\oop_hw_2024_02\oop_hw_01_package_202402\oop_hw01_net2019_202402_template\debug\texturemanager_read.obj
d:\user\skwong\teaching\oop\assignments\oop_hw_2024_02\oop_hw_01_package_202402\oop_hw01_net2019_202402_template\debug\mysystem_curve.obj
d:\user\skwong\teaching\oop\assignments\oop_hw_2024_02\oop_hw_01_package_202402\oop_hw01_net2019_202402_template\debug\mysystem_graphmanager.obj
d:\user\skwong\teaching\oop\assignments\oop_hw_2024_02\oop_hw_01_package_202402\oop_hw01_net2019_202402_template\debug\basic_app.obj
d:\user\skwong\teaching\oop\assignments\oop_hw_2024_02\oop_hw_01_package_202402\oop_hw01_net2019_202402_template\debug\main.obj
d:\user\skwong\teaching\oop\assignments\oop_hw_2024_02\oop_hw_01_package_202402\oop_hw01_net2019_202402_template\debug\mysystemapp.obj
d:\user\skwong\teaching\oop\assignments\oop_hw_2024_02\oop_hw_01_package_202402\oop_hw01_net2019_202402_template\debug\mysystemapp_draw.obj
d:\user\skwong\teaching\oop\assignments\oop_hw_2024_02\oop_hw_01_package_202402\oop_hw01_net2019_202402_template\debug\mysystemapp_handleevents.obj
d:\user\skwong\teaching\oop\assignments\oop_hw_2024_02\oop_hw_01_package_202402\oop_hw01_net2019_202402_template\debug\camera.obj
d:\user\skwong\teaching\oop\assignments\oop_hw_2024_02\oop_hw_01_package_202402\oop_hw01_net2019_202402_template\debug\opengl_stuff.obj
d:\user\skwong\teaching\oop\assignments\oop_hw_2024_02\oop_hw_01_package_202402\oop_hw01_net2019_202402_template\debug\painter_draw.obj
d:\user\skwong\teaching\oop\assignments\oop_hw_2024_02\oop_hw_01_package_202402\oop_hw01_net2019_202402_template\debug\openglapp.obj
d:\user\skwong\teaching\oop\assignments\oop_hw_2024_02\oop_hw_01_package_202402\oop_hw01_net2019_202402_template\debug\openglapp.events.obj
d:\user\skwong\teaching\oop\assignments\oop_hw_2024_02\oop_hw_01_package_202402\oop_hw01_net2019_202402_template\debug\openglapp_draw.obj
d:\user\skwong\teaching\oop\assignments\oop_hw_2024_02\oop_hw_01_package_202402\oop_hw01_net2019_202402_template\debug\openglapp_init.obj
d:\user\skwong\teaching\oop\assignments\oop_hw_2024_02\oop_hw_01_package_202402\oop_hw01_net2019_202402_template\debug\vc100.pdb
d:\user\skwong\teaching\oop\assignments\oop_hw_2024_02\oop_hw_01_package_202402\oop_hw01_net2019_202402_template\debug\myfirstsystem.exe.embed.manifest.res
d:\user\skwong\teaching\oop\assignments\oop_hw_2024_02\oop_hw_01_package_202402\oop_hw01_net2019_202402_template\debug\vc142.pdb
d:\user\skwong\teaching\oop\assignments\oop_hw_2024_02\oop_hw_01_package_202402\oop_hw01_net2019_202402_template\debug\vc142.idb
c:\programming\coding\計算機概論\data_structure_and_oop\hw1\oop_hw01_net2019_202402_template\debug\vc142.pdb
c:\programming\coding\計算機概論\data_structure_and_oop\hw1\oop_hw01_net2019_202402_template\debug\vc142.idb
c:\programming\coding\計算機概論\data_structure_and_oop\hw1\oop_hw01_net2019_202402_template\debug\openglapp_update.obj
c:\programming\coding\計算機概論\data_structure_and_oop\hw1\oop_hw01_net2019_202402_template\debug\basic_tools.obj
c:\programming\coding\計算機概論\data_structure_and_oop\hw1\oop_hw01_net2019_202402_template\debug\grid2d.obj
c:\programming\coding\計算機概論\data_structure_and_oop\hw1\oop_hw01_net2019_202402_template\debug\provider.obj
c:\programming\coding\計算機概論\data_structure_and_oop\hw1\oop_hw01_net2019_202402_template\debug\vector3d.obj
c:\programming\coding\計算機概論\data_structure_and_oop\hw1\oop_hw01_net2019_202402_template\debug\filereader.obj
c:\programming\coding\計算機概論\data_structure_and_oop\hw1\oop_hw01_net2019_202402_template\debug\imagereader.obj
c:\programming\coding\計算機概論\data_structure_and_oop\hw1\oop_hw01_net2019_202402_template\debug\bg_grid2d.obj
c:\programming\coding\計算機概論\data_structure_and_oop\hw1\oop_hw01_net2019_202402_template\debug\boardgame.obj
c:\programming\coding\計算機概論\data_structure_and_oop\hw1\oop_hw01_net2019_202402_template\debug\painter.obj
c:\programming\coding\計算機概論\data_structure_and_oop\hw1\oop_hw01_net2019_202402_template\debug\boardgameapp.obj
c:\programming\coding\計算機概論\data_structure_and_oop\hw1\oop_hw01_net2019_202402_template\debug\freecanvas2d.obj
c:\programming\coding\計算機概論\data_structure_and_oop\hw1\oop_hw01_net2019_202402_template\debug\lattice_manager.obj
c:\programming\coding\計算機概論\data_structure_and_oop\hw1\oop_hw01_net2019_202402_template\debug\paintingsystem.obj
c:\programming\coding\計算機概論\data_structure_and_oop\hw1\oop_hw01_net2019_202402_template\debug\paintingsystemapp.obj
c:\programming\coding\計算機概論\data_structure_and_oop\hw1\oop_hw01_net2019_202402_template\debug\paintingsystemapp_draw.obj
c:\programming\coding\計算機概論\data_structure_and_oop\hw1\oop_hw01_net2019_202402_template\debug\paintingsystemapp_handleevents.obj
c:\programming\coding\計算機概論\data_structure_and_oop\hw1\oop_hw01_net2019_202402_template\debug\texture.obj
c:\programming\coding\計算機概論\data_structure_and_oop\hw1\oop_hw01_net2019_202402_template\debug\texturemanager.obj
c:\programming\coding\計算機概論\data_structure_and_oop\hw1\oop_hw01_net2019_202402_template\debug\texturemanager_read.obj
c:\programming\coding\計算機概論\data_structure_and_oop\hw1\oop_hw01_net2019_202402_template\debug\mysystem_curve.obj
c:\programming\coding\計算機概論\data_structure_and_oop\hw1\oop_hw01_net2019_202402_template\debug\mysystem_graphmanager.obj
c:\programming\coding\計算機概論\data_structure_and_oop\hw1\oop_hw01_net2019_202402_template\debug\basic_app.obj
c:\programming\coding\計算機概論\data_structure_and_oop\hw1\oop_hw01_net2019_202402_template\debug\main.obj
c:\programming\coding\計算機概論\data_structure_and_oop\hw1\oop_hw01_net2019_202402_template\debug\mysystemapp.obj
c:\programming\coding\計算機概論\data_structure_and_oop\hw1\oop_hw01_net2019_202402_template\debug\mysystemapp_draw.obj
c:\programming\coding\計算機概論\data_structure_and_oop\hw1\oop_hw01_net2019_202402_template\debug\mysystemapp_handleevents.obj
c:\programming\coding\計算機概論\data_structure_and_oop\hw1\oop_hw01_net2019_202402_template\debug\camera.obj
c:\programming\coding\計算機概論\data_structure_and_oop\hw1\oop_hw01_net2019_202402_template\debug\opengl_stuff.obj
c:\programming\coding\計算機概論\data_structure_and_oop\hw1\oop_hw01_net2019_202402_template\debug\painter_draw.obj
c:\programming\coding\計算機概論\data_structure_and_oop\hw1\oop_hw01_net2019_202402_template\debug\openglapp.obj
c:\programming\coding\計算機概論\data_structure_and_oop\hw1\oop_hw01_net2019_202402_template\debug\openglapp.events.obj
c:\programming\coding\計算機概論\data_structure_and_oop\hw1\oop_hw01_net2019_202402_template\debug\openglapp_draw.obj
c:\programming\coding\計算機概論\data_structure_and_oop\hw1\oop_hw01_net2019_202402_template\debug\openglapp_init.obj
c:\programming\coding\計算機概論\data_structure_and_oop\hw1\oop_hw01_net2019_202402_template\debug\cl.command.1.tlog
c:\programming\coding\計算機概論\data_structure_and_oop\hw1\oop_hw01_net2019_202402_template\debug\cl.read.1.tlog
c:\programming\coding\計算機概論\data_structure_and_oop\hw1\oop_hw01_net2019_202402_template\debug\cl.write.1.tlog
c:\programming\coding\計算機概論\data_structure_and_oop\hw1\oop_hw01_net2019_202402_template\debug\link.command.1.tlog
c:\programming\coding\計算機概論\data_structure_and_oop\hw1\oop_hw01_net2019_202402_template\debug\link.read.1.tlog
c:\programming\coding\計算機概論\data_structure_and_oop\hw1\oop_hw01_net2019_202402_template\debug\link.write.1.tlog
c:\programming\coding\計算機概論\data_structure_and_oop\hw1\oop_hw01_net2019_202402_template\debug\rc.command.1.tlog
c:\programming\coding\計算機概論\data_structure_and_oop\hw1\oop_hw01_net2019_202402_template\debug\rc.read.1.tlog
c:\programming\coding\計算機概論\data_structure_and_oop\hw1\oop_hw01_net2019_202402_template\debug\rc.write.1.tlog
c:\programming\coding\計算機概論\data_structure_and_oop\hw1\oop_hw01_net2019_202402_template\debug\myfirstsystem.exe.embed.manifest
c:\programming\coding\計算機概論\data_structure_and_oop\hw1\oop_hw01_net2019_202402_template\debug\myfirstsystem.exe.embed.manifest.res
c:\programming\coding\計算機概論\data_structure_and_oop\hw1\oop_hw01_net2019_202402_template\debug\vc100.idb
c:\programming\coding\計算機概論\data_structure_and_oop\hw1\oop_hw01_net2019_202402_template\debug\myfirstsystem.pdb
c:\programming\coding\計算機概論\data_structure_and_oop\hw1\oop_hw01_net2019_202402_template\debug\vc100.pdb
c:\programming\coding\計算機概論\data_structure_and_oop\hw1\oop_hw01_net2019_202402_template\debug\myfirstsystem_manifest.rc
c:\programming\coding\計算機概論\data_structure_and_oop\hw1\oop_hw01_net2019_202402_template\debug\myfirstsystem.tlog\cl.command.1.tlog
c:\programming\coding\計算機概論\data_structure_and_oop\hw1\oop_hw01_net2019_202402_template\debug\myfirstsystem.tlog\cl.read.1.tlog
c:\programming\coding\計算機概論\data_structure_and_oop\hw1\oop_hw01_net2019_202402_template\debug\myfirstsystem.tlog\cl.write.1.tlog
c:\programming\coding\計算機概論\data_structure_and_oop\hw1\oop_hw01_net2019_202402_template\debug\myfirstsystem.tlog\link-cvtres.read.1.tlog
c:\programming\coding\計算機概論\data_structure_and_oop\hw1\oop_hw01_net2019_202402_template\debug\myfirstsystem.tlog\link-cvtres.write.1.tlog
c:\programming\coding\計算機概論\data_structure_and_oop\hw1\oop_hw01_net2019_202402_template\debug\myfirstsystem.tlog\link-rc.read.1.tlog
c:\programming\coding\計算機概論\data_structure_and_oop\hw1\oop_hw01_net2019_202402_template\debug\myfirstsystem.tlog\link-rc.write.1.tlog
c:\programming\coding\計算機概論\data_structure_and_oop\hw1\oop_hw01_net2019_202402_template\debug\myfirstsystem.tlog\link.command.1.tlog
c:\programming\coding\計算機概論\data_structure_and_oop\hw1\oop_hw01_net2019_202402_template\debug\myfirstsystem.tlog\link.read.1.tlog
c:\programming\coding\計算機概論\data_structure_and_oop\hw1\oop_hw01_net2019_202402_template\debug\myfirstsystem.tlog\link.write.1.tlog
