  mySystem_Curve.cpp
C:\programming\coding\計算機概論\data_structure_and_OOP\hw1\OOP_HW01_NET2019_202402_Template\inc\GL\gl.h(1,1): warning C4819: 檔案含有無法在目前字碼頁 (950) 中表示的字元。請以 Unicode 格式儲存檔案以防止資料遺失
C:\programming\coding\計算機概論\data_structure_and_OOP\hw1\OOP_HW01_NET2019_202402_Template\inc\GL\gl.h(1,1): warning C4819: 檔案含有無法在目前字碼頁 (950) 中表示的字元。請以 Unicode 格式儲存檔案以防止資料遺失
C:\programming\coding\計算機概論\data_structure_and_OOP\hw1\OOP_HW01_NET2019_202402_Template\primitives\vector3d.h(24,61): warning C4244: 'return': 將 'double' 轉換為 'float'，由於類型不同，可能導致資料遺失
  mySystem_GraphManager.cpp
C:\programming\coding\計算機概論\data_structure_and_OOP\hw1\OOP_HW01_NET2019_202402_Template\inc\GL\gl.h(1,1): warning C4819: 檔案含有無法在目前字碼頁 (950) 中表示的字元。請以 Unicode 格式儲存檔案以防止資料遺失
C:\programming\coding\計算機概論\data_structure_and_OOP\hw1\OOP_HW01_NET2019_202402_Template\inc\GL\gl.h(1,1): warning C4819: 檔案含有無法在目前字碼頁 (950) 中表示的字元。請以 Unicode 格式儲存檔案以防止資料遺失
C:\programming\coding\計算機概論\data_structure_and_OOP\hw1\OOP_HW01_NET2019_202402_Template\primitives\vector3d.h(24,61): warning C4244: 'return': 將 'double' 轉換為 'float'，由於類型不同，可能導致資料遺失
C:\programming\coding\計算機概論\data_structure_and_OOP\hw1\OOP_HW01_NET2019_202402_Template\00_StudentWork\00_SimpleInteractiveSystem\mySystem_GraphManager.cpp(41,32): warning C4244: '引數': 將 'double' 轉換為 'int'，由於類型不同，可能導致資料遺失
  basic_app.cpp
  main.cpp
C:\programming\coding\計算機概論\data_structure_and_OOP\hw1\OOP_HW01_NET2019_202402_Template\inc\GL\gl.h(1,1): warning C4819: 檔案含有無法在目前字碼頁 (950) 中表示的字元。請以 Unicode 格式儲存檔案以防止資料遺失
C:\programming\coding\計算機概論\data_structure_and_OOP\hw1\OOP_HW01_NET2019_202402_Template\inc\GL\gl.h(1,1): warning C4819: 檔案含有無法在目前字碼頁 (950) 中表示的字元。請以 Unicode 格式儲存檔案以防止資料遺失
  mySystemApp.cpp
C:\programming\coding\計算機概論\data_structure_and_OOP\hw1\OOP_HW01_NET2019_202402_Template\inc\GL\gl.h(1,1): warning C4819: 檔案含有無法在目前字碼頁 (950) 中表示的字元。請以 Unicode 格式儲存檔案以防止資料遺失
C:\programming\coding\計算機概論\data_structure_and_OOP\hw1\OOP_HW01_NET2019_202402_Template\inc\GL\gl.h(1,1): warning C4819: 檔案含有無法在目前字碼頁 (950) 中表示的字元。請以 Unicode 格式儲存檔案以防止資料遺失
C:\programming\coding\計算機概論\data_structure_and_OOP\hw1\OOP_HW01_NET2019_202402_Template\primitives\vector3d.h(24,61): warning C4244: 'return': 將 'double' 轉換為 'float'，由於類型不同，可能導致資料遺失
  mySystemApp_draw.cpp
C:\programming\coding\計算機概論\data_structure_and_OOP\hw1\OOP_HW01_NET2019_202402_Template\inc\GL\gl.h(1,1): warning C4819: 檔案含有無法在目前字碼頁 (950) 中表示的字元。請以 Unicode 格式儲存檔案以防止資料遺失
C:\programming\coding\計算機概論\data_structure_and_OOP\hw1\OOP_HW01_NET2019_202402_Template\inc\GL\gl.h(1,1): warning C4819: 檔案含有無法在目前字碼頁 (950) 中表示的字元。請以 Unicode 格式儲存檔案以防止資料遺失
C:\programming\coding\計算機概論\data_structure_and_OOP\hw1\OOP_HW01_NET2019_202402_Template\primitives\vector3d.h(24,61): warning C4244: 'return': 將 'double' 轉換為 'float'，由於類型不同，可能導致資料遺失
C:\programming\coding\計算機概論\data_structure_and_OOP\hw1\OOP_HW01_NET2019_202402_Template\00_StudentWork\00_SimpleInteractiveSystem\mySystemApp_draw.cpp(90,10): warning C4244: '=': 將 'const _Ty' 轉換為 'float'，由於類型不同，可能導致資料遺失
          with
          [
              _Ty=double
          ]
C:\programming\coding\計算機概論\data_structure_and_OOP\hw1\OOP_HW01_NET2019_202402_Template\00_StudentWork\00_SimpleInteractiveSystem\mySystemApp_draw.cpp(91,10): warning C4244: '=': 將 'const _Ty' 轉換為 'float'，由於類型不同，可能導致資料遺失
          with
          [
              _Ty=double
          ]
C:\programming\coding\計算機概論\data_structure_and_OOP\hw1\OOP_HW01_NET2019_202402_Template\00_StudentWork\00_SimpleInteractiveSystem\mySystemApp_draw.cpp(93,26): warning C4305: '引數': 從 'double' 轉換為 'GLfloat'，是由較大的類型轉換為較小的類型，可能導致資料遺失
C:\programming\coding\計算機概論\data_structure_and_OOP\hw1\OOP_HW01_NET2019_202402_Template\00_StudentWork\00_SimpleInteractiveSystem\mySystemApp_draw.cpp(124,26): warning C4305: '引數': 從 'double' 轉換為 'GLfloat'，是由較大的類型轉換為較小的類型，可能導致資料遺失
C:\programming\coding\計算機概論\data_structure_and_OOP\hw1\OOP_HW01_NET2019_202402_Template\00_StudentWork\00_SimpleInteractiveSystem\mySystemApp_draw.cpp(125,22): warning C4244: '引數': 將 'double' 轉換為 'GLfloat'，由於類型不同，可能導致資料遺失
C:\programming\coding\計算機概論\data_structure_and_OOP\hw1\OOP_HW01_NET2019_202402_Template\00_StudentWork\00_SimpleInteractiveSystem\mySystemApp_draw.cpp(125,14): warning C4244: '引數': 將 'double' 轉換為 'GLfloat'，由於類型不同，可能導致資料遺失
C:\programming\coding\計算機概論\data_structure_and_OOP\hw1\OOP_HW01_NET2019_202402_Template\00_StudentWork\00_SimpleInteractiveSystem\mySystemApp_draw.cpp(128,26): warning C4305: '引數': 從 'double' 轉換為 'GLfloat'，是由較大的類型轉換為較小的類型，可能導致資料遺失
C:\programming\coding\計算機概論\data_structure_and_OOP\hw1\OOP_HW01_NET2019_202402_Template\00_StudentWork\00_SimpleInteractiveSystem\mySystemApp_draw.cpp(129,22): warning C4244: '引數': 將 'double' 轉換為 'GLfloat'，由於類型不同，可能導致資料遺失
C:\programming\coding\計算機概論\data_structure_and_OOP\hw1\OOP_HW01_NET2019_202402_Template\00_StudentWork\00_SimpleInteractiveSystem\mySystemApp_draw.cpp(129,14): warning C4244: '引數': 將 'double' 轉換為 'GLfloat'，由於類型不同，可能導致資料遺失
C:\programming\coding\計算機概論\data_structure_and_OOP\hw1\OOP_HW01_NET2019_202402_Template\00_StudentWork\00_SimpleInteractiveSystem\mySystemApp_draw.cpp(138,25): warning C4305: '引數': 從 'double' 轉換為 'GLfloat'，是由較大的類型轉換為較小的類型，可能導致資料遺失
C:\programming\coding\計算機概論\data_structure_and_OOP\hw1\OOP_HW01_NET2019_202402_Template\00_StudentWork\00_SimpleInteractiveSystem\mySystemApp_draw.cpp(147,10): warning C4244: '=': 將 'double' 轉換為 'float'，由於類型不同，可能導致資料遺失
C:\programming\coding\計算機概論\data_structure_and_OOP\hw1\OOP_HW01_NET2019_202402_Template\00_StudentWork\00_SimpleInteractiveSystem\mySystemApp_draw.cpp(148,21): warning C4244: '=': 將 'double' 轉換為 'float'，由於類型不同，可能導致資料遺失
C:\programming\coding\計算機概論\data_structure_and_OOP\hw1\OOP_HW01_NET2019_202402_Template\00_StudentWork\00_SimpleInteractiveSystem\mySystemApp_draw.cpp(154,25): warning C4305: '引數': 從 'double' 轉換為 'GLfloat'，是由較大的類型轉換為較小的類型，可能導致資料遺失
C:\programming\coding\計算機概論\data_structure_and_OOP\hw1\OOP_HW01_NET2019_202402_Template\00_StudentWork\00_SimpleInteractiveSystem\mySystemApp_draw.cpp(160,10): warning C4244: '=': 將 'double' 轉換為 'float'，由於類型不同，可能導致資料遺失
C:\programming\coding\計算機概論\data_structure_and_OOP\hw1\OOP_HW01_NET2019_202402_Template\00_StudentWork\00_SimpleInteractiveSystem\mySystemApp_draw.cpp(161,21): warning C4244: '=': 將 'double' 轉換為 'float'，由於類型不同，可能導致資料遺失
  mySystemApp_HandleEvents.cpp
C:\programming\coding\計算機概論\data_structure_and_OOP\hw1\OOP_HW01_NET2019_202402_Template\inc\GL\gl.h(1,1): warning C4819: 檔案含有無法在目前字碼頁 (950) 中表示的字元。請以 Unicode 格式儲存檔案以防止資料遺失
C:\programming\coding\計算機概論\data_structure_and_OOP\hw1\OOP_HW01_NET2019_202402_Template\inc\GL\gl.h(1,1): warning C4819: 檔案含有無法在目前字碼頁 (950) 中表示的字元。請以 Unicode 格式儲存檔案以防止資料遺失
  camera.cpp
C:\programming\coding\計算機概論\data_structure_and_OOP\hw1\OOP_HW01_NET2019_202402_Template\inc\GL\gl.h(1,1): warning C4819: 檔案含有無法在目前字碼頁 (950) 中表示的字元。請以 Unicode 格式儲存檔案以防止資料遺失
C:\programming\coding\計算機概論\data_structure_and_OOP\hw1\OOP_HW01_NET2019_202402_Template\inc\GL\gl.h(1,1): warning C4819: 檔案含有無法在目前字碼頁 (950) 中表示的字元。請以 Unicode 格式儲存檔案以防止資料遺失
  opengl_stuff.cpp
C:\programming\coding\計算機概論\data_structure_and_OOP\hw1\OOP_HW01_NET2019_202402_Template\inc\GL\gl.h(1,1): warning C4819: 檔案含有無法在目前字碼頁 (950) 中表示的字元。請以 Unicode 格式儲存檔案以防止資料遺失
C:\programming\coding\計算機概論\data_structure_and_OOP\hw1\OOP_HW01_NET2019_202402_Template\inc\GL\gl.h(1,1): warning C4819: 檔案含有無法在目前字碼頁 (950) 中表示的字元。請以 Unicode 格式儲存檔案以防止資料遺失
  painter_draw.cpp
C:\programming\coding\計算機概論\data_structure_and_OOP\hw1\OOP_HW01_NET2019_202402_Template\inc\GL\gl.h(1,1): warning C4819: 檔案含有無法在目前字碼頁 (950) 中表示的字元。請以 Unicode 格式儲存檔案以防止資料遺失
C:\programming\coding\計算機概論\data_structure_and_OOP\hw1\OOP_HW01_NET2019_202402_Template\inc\GL\gl.h(1,1): warning C4819: 檔案含有無法在目前字碼頁 (950) 中表示的字元。請以 Unicode 格式儲存檔案以防止資料遺失
C:\programming\coding\計算機概論\data_structure_and_OOP\hw1\OOP_HW01_NET2019_202402_Template\primitives\vector3d.h(24,61): warning C4244: 'return': 將 'double' 轉換為 'float'，由於類型不同，可能導致資料遺失
  openGLapp.cpp
C:\programming\coding\計算機概論\data_structure_and_OOP\hw1\OOP_HW01_NET2019_202402_Template\inc\GL\gl.h(1,1): warning C4819: 檔案含有無法在目前字碼頁 (950) 中表示的字元。請以 Unicode 格式儲存檔案以防止資料遺失
C:\programming\coding\計算機概論\data_structure_and_OOP\hw1\OOP_HW01_NET2019_202402_Template\inc\GL\gl.h(1,1): warning C4819: 檔案含有無法在目前字碼頁 (950) 中表示的字元。請以 Unicode 格式儲存檔案以防止資料遺失
  openGLapp.events.cpp
C:\programming\coding\計算機概論\data_structure_and_OOP\hw1\OOP_HW01_NET2019_202402_Template\inc\GL\gl.h(1,1): warning C4819: 檔案含有無法在目前字碼頁 (950) 中表示的字元。請以 Unicode 格式儲存檔案以防止資料遺失
C:\programming\coding\計算機概論\data_structure_and_OOP\hw1\OOP_HW01_NET2019_202402_Template\inc\GL\gl.h(1,1): warning C4819: 檔案含有無法在目前字碼頁 (950) 中表示的字元。請以 Unicode 格式儲存檔案以防止資料遺失
  openGLapp_draw.cpp
C:\programming\coding\計算機概論\data_structure_and_OOP\hw1\OOP_HW01_NET2019_202402_Template\inc\GL\gl.h(1,1): warning C4819: 檔案含有無法在目前字碼頁 (950) 中表示的字元。請以 Unicode 格式儲存檔案以防止資料遺失
C:\programming\coding\計算機概論\data_structure_and_OOP\hw1\OOP_HW01_NET2019_202402_Template\inc\GL\gl.h(1,1): warning C4819: 檔案含有無法在目前字碼頁 (950) 中表示的字元。請以 Unicode 格式儲存檔案以防止資料遺失
  openGLapp_init.cpp
C:\programming\coding\計算機概論\data_structure_and_OOP\hw1\OOP_HW01_NET2019_202402_Template\inc\GL\gl.h(1,1): warning C4819: 檔案含有無法在目前字碼頁 (950) 中表示的字元。請以 Unicode 格式儲存檔案以防止資料遺失
C:\programming\coding\計算機概論\data_structure_and_OOP\hw1\OOP_HW01_NET2019_202402_Template\inc\GL\gl.h(1,1): warning C4819: 檔案含有無法在目前字碼頁 (950) 中表示的字元。請以 Unicode 格式儲存檔案以防止資料遺失
  openGLapp_update.cpp
C:\programming\coding\計算機概論\data_structure_and_OOP\hw1\OOP_HW01_NET2019_202402_Template\inc\GL\gl.h(1,1): warning C4819: 檔案含有無法在目前字碼頁 (950) 中表示的字元。請以 Unicode 格式儲存檔案以防止資料遺失
C:\programming\coding\計算機概論\data_structure_and_OOP\hw1\OOP_HW01_NET2019_202402_Template\inc\GL\gl.h(1,1): warning C4819: 檔案含有無法在目前字碼頁 (950) 中表示的字元。請以 Unicode 格式儲存檔案以防止資料遺失
  basic_tools.cpp
  grid2D.cpp
  provider.cpp
  vector3d.cpp
  fileReader.cpp
  正在編譯...
  imageReader.cpp
C:\programming\coding\計算機概論\data_structure_and_OOP\hw1\OOP_HW01_NET2019_202402_Template\inc\GL\gl.h(1,1): warning C4819: 檔案含有無法在目前字碼頁 (950) 中表示的字元。請以 Unicode 格式儲存檔案以防止資料遺失
C:\programming\coding\計算機概論\data_structure_and_OOP\hw1\OOP_HW01_NET2019_202402_Template\inc\GL\gl.h(1,1): warning C4819: 檔案含有無法在目前字碼頁 (950) 中表示的字元。請以 Unicode 格式儲存檔案以防止資料遺失
C:\programming\coding\計算機概論\data_structure_and_OOP\hw1\OOP_HW01_NET2019_202402_Template\inc\GL\gl.h(1,1): warning C4819: 檔案含有無法在目前字碼頁 (950) 中表示的字元。請以 Unicode 格式儲存檔案以防止資料遺失
  BG_grid2D.cpp
C:\programming\coding\計算機概論\data_structure_and_OOP\hw1\OOP_HW01_NET2019_202402_Template\primitives\vector3d.h(24,61): warning C4244: 'return': 將 'double' 轉換為 'float'，由於類型不同，可能導致資料遺失
  boardGame.cpp
C:\programming\coding\計算機概論\data_structure_and_OOP\hw1\OOP_HW01_NET2019_202402_Template\inc\GL\gl.h(1,1): warning C4819: 檔案含有無法在目前字碼頁 (950) 中表示的字元。請以 Unicode 格式儲存檔案以防止資料遺失
C:\programming\coding\計算機概論\data_structure_and_OOP\hw1\OOP_HW01_NET2019_202402_Template\inc\GL\gl.h(1,1): warning C4819: 檔案含有無法在目前字碼頁 (950) 中表示的字元。請以 Unicode 格式儲存檔案以防止資料遺失
  painter.cpp
C:\programming\coding\計算機概論\data_structure_and_OOP\hw1\OOP_HW01_NET2019_202402_Template\inc\GL\gl.h(1,1): warning C4819: 檔案含有無法在目前字碼頁 (950) 中表示的字元。請以 Unicode 格式儲存檔案以防止資料遺失
C:\programming\coding\計算機概論\data_structure_and_OOP\hw1\OOP_HW01_NET2019_202402_Template\inc\GL\gl.h(1,1): warning C4819: 檔案含有無法在目前字碼頁 (950) 中表示的字元。請以 Unicode 格式儲存檔案以防止資料遺失
C:\programming\coding\計算機概論\data_structure_and_OOP\hw1\OOP_HW01_NET2019_202402_Template\primitives\vector3d.h(24,61): warning C4244: 'return': 將 'double' 轉換為 'float'，由於類型不同，可能導致資料遺失
  boardGameApp.cpp
C:\programming\coding\計算機概論\data_structure_and_OOP\hw1\OOP_HW01_NET2019_202402_Template\inc\GL\gl.h(1,1): warning C4819: 檔案含有無法在目前字碼頁 (950) 中表示的字元。請以 Unicode 格式儲存檔案以防止資料遺失
C:\programming\coding\計算機概論\data_structure_and_OOP\hw1\OOP_HW01_NET2019_202402_Template\inc\GL\gl.h(1,1): warning C4819: 檔案含有無法在目前字碼頁 (950) 中表示的字元。請以 Unicode 格式儲存檔案以防止資料遺失
  freeCanvas2D.cpp
C:\programming\coding\計算機概論\data_structure_and_OOP\hw1\OOP_HW01_NET2019_202402_Template\inc\GL\gl.h(1,1): warning C4819: 檔案含有無法在目前字碼頁 (950) 中表示的字元。請以 Unicode 格式儲存檔案以防止資料遺失
C:\programming\coding\計算機概論\data_structure_and_OOP\hw1\OOP_HW01_NET2019_202402_Template\inc\GL\gl.h(1,1): warning C4819: 檔案含有無法在目前字碼頁 (950) 中表示的字元。請以 Unicode 格式儲存檔案以防止資料遺失
C:\programming\coding\計算機概論\data_structure_and_OOP\hw1\OOP_HW01_NET2019_202402_Template\primitives\vector3d.h(24,61): warning C4244: 'return': 將 'double' 轉換為 'float'，由於類型不同，可能導致資料遺失
  lattice_manager.cpp
  paintingSystem.cpp
C:\programming\coding\計算機概論\data_structure_and_OOP\hw1\OOP_HW01_NET2019_202402_Template\inc\GL\gl.h(1,1): warning C4819: 檔案含有無法在目前字碼頁 (950) 中表示的字元。請以 Unicode 格式儲存檔案以防止資料遺失
C:\programming\coding\計算機概論\data_structure_and_OOP\hw1\OOP_HW01_NET2019_202402_Template\inc\GL\gl.h(1,1): warning C4819: 檔案含有無法在目前字碼頁 (950) 中表示的字元。請以 Unicode 格式儲存檔案以防止資料遺失
C:\programming\coding\計算機概論\data_structure_and_OOP\hw1\OOP_HW01_NET2019_202402_Template\primitives\vector3d.h(24,61): warning C4244: 'return': 將 'double' 轉換為 'float'，由於類型不同，可能導致資料遺失
  paintingSystemApp.cpp
C:\programming\coding\計算機概論\data_structure_and_OOP\hw1\OOP_HW01_NET2019_202402_Template\inc\GL\gl.h(1,1): warning C4819: 檔案含有無法在目前字碼頁 (950) 中表示的字元。請以 Unicode 格式儲存檔案以防止資料遺失
C:\programming\coding\計算機概論\data_structure_and_OOP\hw1\OOP_HW01_NET2019_202402_Template\inc\GL\gl.h(1,1): warning C4819: 檔案含有無法在目前字碼頁 (950) 中表示的字元。請以 Unicode 格式儲存檔案以防止資料遺失
C:\programming\coding\計算機概論\data_structure_and_OOP\hw1\OOP_HW01_NET2019_202402_Template\primitives\vector3d.h(24,61): warning C4244: 'return': 將 'double' 轉換為 'float'，由於類型不同，可能導致資料遺失
  paintingSystemApp_draw.cpp
C:\programming\coding\計算機概論\data_structure_and_OOP\hw1\OOP_HW01_NET2019_202402_Template\inc\GL\gl.h(1,1): warning C4819: 檔案含有無法在目前字碼頁 (950) 中表示的字元。請以 Unicode 格式儲存檔案以防止資料遺失
C:\programming\coding\計算機概論\data_structure_and_OOP\hw1\OOP_HW01_NET2019_202402_Template\inc\GL\gl.h(1,1): warning C4819: 檔案含有無法在目前字碼頁 (950) 中表示的字元。請以 Unicode 格式儲存檔案以防止資料遺失
C:\programming\coding\計算機概論\data_structure_and_OOP\hw1\OOP_HW01_NET2019_202402_Template\primitives\vector3d.h(24,61): warning C4244: 'return': 將 'double' 轉換為 'float'，由於類型不同，可能導致資料遺失
  paintingSystemApp_HandleEvents.cpp
C:\programming\coding\計算機概論\data_structure_and_OOP\hw1\OOP_HW01_NET2019_202402_Template\inc\GL\gl.h(1,1): warning C4819: 檔案含有無法在目前字碼頁 (950) 中表示的字元。請以 Unicode 格式儲存檔案以防止資料遺失
C:\programming\coding\計算機概論\data_structure_and_OOP\hw1\OOP_HW01_NET2019_202402_Template\inc\GL\gl.h(1,1): warning C4819: 檔案含有無法在目前字碼頁 (950) 中表示的字元。請以 Unicode 格式儲存檔案以防止資料遺失
C:\programming\coding\計算機概論\data_structure_and_OOP\hw1\OOP_HW01_NET2019_202402_Template\primitives\vector3d.h(24,61): warning C4244: 'return': 將 'double' 轉換為 'float'，由於類型不同，可能導致資料遺失
  texture.cpp
C:\programming\coding\計算機概論\data_structure_and_OOP\hw1\OOP_HW01_NET2019_202402_Template\inc\GL\gl.h(1,1): warning C4819: 檔案含有無法在目前字碼頁 (950) 中表示的字元。請以 Unicode 格式儲存檔案以防止資料遺失
C:\programming\coding\計算機概論\data_structure_and_OOP\hw1\OOP_HW01_NET2019_202402_Template\inc\GL\gl.h(1,1): warning C4819: 檔案含有無法在目前字碼頁 (950) 中表示的字元。請以 Unicode 格式儲存檔案以防止資料遺失
  textureManager.cpp
C:\programming\coding\計算機概論\data_structure_and_OOP\hw1\OOP_HW01_NET2019_202402_Template\inc\GL\gl.h(1,1): warning C4819: 檔案含有無法在目前字碼頁 (950) 中表示的字元。請以 Unicode 格式儲存檔案以防止資料遺失
C:\programming\coding\計算機概論\data_structure_and_OOP\hw1\OOP_HW01_NET2019_202402_Template\inc\GL\gl.h(1,1): warning C4819: 檔案含有無法在目前字碼頁 (950) 中表示的字元。請以 Unicode 格式儲存檔案以防止資料遺失
  textureManager_read.cpp
C:\programming\coding\計算機概論\data_structure_and_OOP\hw1\OOP_HW01_NET2019_202402_Template\inc\GL\gl.h(1,1): warning C4819: 檔案含有無法在目前字碼頁 (950) 中表示的字元。請以 Unicode 格式儲存檔案以防止資料遺失
C:\programming\coding\計算機概論\data_structure_and_OOP\hw1\OOP_HW01_NET2019_202402_Template\inc\GL\gl.h(1,1): warning C4819: 檔案含有無法在目前字碼頁 (950) 中表示的字元。請以 Unicode 格式儲存檔案以防止資料遺失
C:\programming\coding\計算機概論\data_structure_and_OOP\hw1\OOP_HW01_NET2019_202402_Template\textureManager\textureManager_read.cpp(46,12): warning C4834: 正在捨棄具有 'nodiscard' 屬性之函式的傳回值
C:\Program Files (x86)\Microsoft Visual Studio\2019\Community\MSBuild\Microsoft\VC\v160\Microsoft.CppBuild.targets(1363,5): warning MSB8012: TargetPath(C:\programming\coding\計算機概論\data_structure_and_OOP\hw1\OOP_HW01_NET2019_202402_Template\Release\myFirstSystem.exe) 與 Linker 的 OutputFile 屬性值 (C:\programming\coding\計算機概論\data_structure_and_OOP\hw1\OOP_HW01_NET2019_202402_Template\bin\Release\enjoy_programming.exe) 不相符。這可能會導致您的專案建置不正確。若要改正這種情況，請確認 $(OutDir)、$(TargetName) 和 $(TargetExt) 屬性值必須與 %(Link.OutputFile) 中指定的值相符。
C:\Program Files (x86)\Microsoft Visual Studio\2019\Community\MSBuild\Microsoft\VC\v160\Microsoft.CppBuild.targets(1365,5): warning MSB8012: TargetName(myFirstSystem) 與 Linker 的 OutputFile 屬性值 (enjoy_programming) 不相符。這可能會導致您的專案建置不正確。若要改正這種情況，請確認 $(OutDir)、$(TargetName) 和 $(TargetExt) 屬性值必須與 %(Link.OutputFile) 中指定的值相符。
  正在產生程式碼
  Previous IPDB not found, fall back to full compilation.
  All 412 functions were compiled because no usable IPDB/IOBJ from previous compilation was found.
  已完成程式碼產生
  asm.vcxproj -> C:\programming\coding\計算機概論\data_structure_and_OOP\hw1\OOP_HW01_NET2019_202402_Template\Release\myFirstSystem.exe
