c:\programming\coding\計算機概論\data_structure_and_oop\hw1\oop_hw01_net2019_202402_template\release\vc142.pdb
c:\programming\coding\計算機概論\data_structure_and_oop\hw1\oop_hw01_net2019_202402_template\release\filereader.obj
c:\programming\coding\計算機概論\data_structure_and_oop\hw1\oop_hw01_net2019_202402_template\release\vector3d.obj
c:\programming\coding\計算機概論\data_structure_and_oop\hw1\oop_hw01_net2019_202402_template\release\provider.obj
c:\programming\coding\計算機概論\data_structure_and_oop\hw1\oop_hw01_net2019_202402_template\release\grid2d.obj
c:\programming\coding\計算機概論\data_structure_and_oop\hw1\oop_hw01_net2019_202402_template\release\basic_tools.obj
c:\programming\coding\計算機概論\data_structure_and_oop\hw1\oop_hw01_net2019_202402_template\release\openglapp_update.obj
c:\programming\coding\計算機概論\data_structure_and_oop\hw1\oop_hw01_net2019_202402_template\release\openglapp_init.obj
c:\programming\coding\計算機概論\data_structure_and_oop\hw1\oop_hw01_net2019_202402_template\release\openglapp_draw.obj
c:\programming\coding\計算機概論\data_structure_and_oop\hw1\oop_hw01_net2019_202402_template\release\openglapp.events.obj
c:\programming\coding\計算機概論\data_structure_and_oop\hw1\oop_hw01_net2019_202402_template\release\openglapp.obj
c:\programming\coding\計算機概論\data_structure_and_oop\hw1\oop_hw01_net2019_202402_template\release\painter_draw.obj
c:\programming\coding\計算機概論\data_structure_and_oop\hw1\oop_hw01_net2019_202402_template\release\opengl_stuff.obj
c:\programming\coding\計算機概論\data_structure_and_oop\hw1\oop_hw01_net2019_202402_template\release\camera.obj
c:\programming\coding\計算機概論\data_structure_and_oop\hw1\oop_hw01_net2019_202402_template\release\mysystemapp_handleevents.obj
c:\programming\coding\計算機概論\data_structure_and_oop\hw1\oop_hw01_net2019_202402_template\release\mysystemapp_draw.obj
c:\programming\coding\計算機概論\data_structure_and_oop\hw1\oop_hw01_net2019_202402_template\release\mysystemapp.obj
c:\programming\coding\計算機概論\data_structure_and_oop\hw1\oop_hw01_net2019_202402_template\release\main.obj
c:\programming\coding\計算機概論\data_structure_and_oop\hw1\oop_hw01_net2019_202402_template\release\basic_app.obj
c:\programming\coding\計算機概論\data_structure_and_oop\hw1\oop_hw01_net2019_202402_template\release\mysystem_graphmanager.obj
c:\programming\coding\計算機概論\data_structure_and_oop\hw1\oop_hw01_net2019_202402_template\release\mysystem_curve.obj
c:\programming\coding\計算機概論\data_structure_and_oop\hw1\oop_hw01_net2019_202402_template\release\texturemanager_read.obj
c:\programming\coding\計算機概論\data_structure_and_oop\hw1\oop_hw01_net2019_202402_template\release\texturemanager.obj
c:\programming\coding\計算機概論\data_structure_and_oop\hw1\oop_hw01_net2019_202402_template\release\texture.obj
c:\programming\coding\計算機概論\data_structure_and_oop\hw1\oop_hw01_net2019_202402_template\release\paintingsystemapp_handleevents.obj
c:\programming\coding\計算機概論\data_structure_and_oop\hw1\oop_hw01_net2019_202402_template\release\paintingsystemapp_draw.obj
c:\programming\coding\計算機概論\data_structure_and_oop\hw1\oop_hw01_net2019_202402_template\release\paintingsystemapp.obj
c:\programming\coding\計算機概論\data_structure_and_oop\hw1\oop_hw01_net2019_202402_template\release\paintingsystem.obj
c:\programming\coding\計算機概論\data_structure_and_oop\hw1\oop_hw01_net2019_202402_template\release\lattice_manager.obj
c:\programming\coding\計算機概論\data_structure_and_oop\hw1\oop_hw01_net2019_202402_template\release\freecanvas2d.obj
c:\programming\coding\計算機概論\data_structure_and_oop\hw1\oop_hw01_net2019_202402_template\release\boardgameapp.obj
c:\programming\coding\計算機概論\data_structure_and_oop\hw1\oop_hw01_net2019_202402_template\release\painter.obj
c:\programming\coding\計算機概論\data_structure_and_oop\hw1\oop_hw01_net2019_202402_template\release\boardgame.obj
c:\programming\coding\計算機概論\data_structure_and_oop\hw1\oop_hw01_net2019_202402_template\release\bg_grid2d.obj
c:\programming\coding\計算機概論\data_structure_and_oop\hw1\oop_hw01_net2019_202402_template\release\imagereader.obj
c:\programming\coding\計算機概論\data_structure_and_oop\hw1\oop_hw01_net2019_202402_template\bin\release\enjoy_programming.exe
c:\programming\coding\計算機概論\data_structure_and_oop\hw1\oop_hw01_net2019_202402_template\release\myfirstsystem.ipdb
c:\programming\coding\計算機概論\data_structure_and_oop\hw1\oop_hw01_net2019_202402_template\release\myfirstsystem.iobj
c:\programming\coding\計算機概論\data_structure_and_oop\hw1\oop_hw01_net2019_202402_template\release\myfirstsystem.pdb
c:\programming\coding\計算機概論\data_structure_and_oop\hw1\oop_hw01_net2019_202402_template\release\myfirstsystem.tlog\cl.command.1.tlog
c:\programming\coding\計算機概論\data_structure_and_oop\hw1\oop_hw01_net2019_202402_template\release\myfirstsystem.tlog\cl.read.1.tlog
c:\programming\coding\計算機概論\data_structure_and_oop\hw1\oop_hw01_net2019_202402_template\release\myfirstsystem.tlog\cl.write.1.tlog
c:\programming\coding\計算機概論\data_structure_and_oop\hw1\oop_hw01_net2019_202402_template\release\myfirstsystem.tlog\link.command.1.tlog
c:\programming\coding\計算機概論\data_structure_and_oop\hw1\oop_hw01_net2019_202402_template\release\myfirstsystem.tlog\link.read.1.tlog
c:\programming\coding\計算機概論\data_structure_and_oop\hw1\oop_hw01_net2019_202402_template\release\myfirstsystem.tlog\link.write.1.tlog
c:\programming\coding\計算機概論\data_structure_and_oop\hw1\oop_hw01_net2019_202402_template\release\myfirstsystem.tlog\myfirstsystem.write.1u.tlog
